#
# There is insufficient memory for the Java Runtime Environment to continue.
# Native memory allocation (malloc) failed to allocate 1178968 bytes. Error detail: Chunk::new
# Possible reasons:
#   The system is out of physical RAM or swap space
#   This process is running with CompressedOops enabled, and the Java Heap may be blocking the growth of the native heap
# Possible solutions:
#   Reduce memory load on the system
#   Increase physical memory or swap space
#   Check if swap backing store is full
#   Decrease Java heap size (-Xmx/-Xms)
#   Decrease number of Java threads
#   Decrease Java thread stack sizes (-Xss)
#   Set larger code cache with -XX:ReservedCodeCacheSize=
#   JVM is running with Zero Based Compressed Oops mode in which the Java heap is
#     placed in the first 32GB address space. The Java Heap base address is the
#     maximum limit for the native heap growth. Please use -XX:HeapBaseMinAddress
#     to set the Java Heap base and to place the Java Heap above 32GB virtual address.
# This output file may be truncated or incomplete.
#
#  Out of Memory Error (arena.cpp:186), pid=31088, tid=6272
#
# JRE version: Java(TM) SE Runtime Environment (25.0+37) (build 25+37-LTS-3491)
# Java VM: Java HotSpot(TM) 64-Bit Server VM (25+37-LTS-3491, mixed mode, sharing, tiered, compressed oops, compressed class ptrs, g1 gc, windows-amd64)
# No core dump will be written. Minidumps are not enabled by default on client versions of Windows
#

---------------  S U M M A R Y ------------

Command Line: --enable-preview -XX:+ShowCodeDetailsInExceptionMessages Signupone

Host: AMD Ryzen AI 5 340 w/ Radeon 840M, 12 cores, 13G,  Windows 11 , 64 bit Build 26100 (10.0.26100.7309)
Time: Mon Jan  5 16:36:46 2026 India Standard Time elapsed time: 5210.586607 seconds (0d 1h 26m 50s)

---------------  T H R E A D  ---------------

Current thread (0x000001f864aebfd0):  JavaThread "C2 CompilerThread0" daemon [_thread_in_native, id=6272, stack(0x00000081ce700000,0x00000081ce800000) (1024K)]


Current CompileTask:
C2:5210587 1924 % !   4       sun.java2d.d3d.D3DScreenUpdateManager::run @ 0 (267 bytes)

Stack: [0x00000081ce700000,0x00000081ce800000]
Native frames: (J=compiled Java code, j=interpreted, Vv=VM code, C=native code)
V  [jvm.dll+0x7a6a39]  (no source info available)
V  [jvm.dll+0x7727ed]  (no source info available)
V  [jvm.dll+0x965f33]  (no source info available)
V  [jvm.dll+0x968531]  (no source info available)
V  [jvm.dll+0x968c33]  (no source info available)
V  [jvm.dll+0x2fc756]  (no source info available)
V  [jvm.dll+0x111b26]  (no source info available)
V  [jvm.dll+0x111e4e]  (no source info available)
V  [jvm.dll+0x1a0a22]  (no source info available)
V  [jvm.dll+0x3b53c2]  (no source info available)
V  [jvm.dll+0x7ac3cf]  (no source info available)
V  [jvm.dll+0x2c0ac7]  (no source info available)
V  [jvm.dll+0x2bfa8f]  (no source info available)
V  [jvm.dll+0x237b60]  (no source info available)
V  [jvm.dll+0x2cfb56]  (no source info available)
V  [jvm.dll+0x2cddd5]  (no source info available)
V  [jvm.dll+0x48e671]  (no source info available)
V  [jvm.dll+0x90681d]  (no source info available)
V  [jvm.dll+0x7a5015]  (no source info available)
C  [ucrtbase.dll+0x37b0]  (no source info available)
C  [KERNEL32.DLL+0x2e8d7]  (no source info available)
C  [ntdll.dll+0x8c53c]  (no source info available)

Lock stack of current Java thread (top to bottom):


---------------  P R O C E S S  ---------------

Threads class SMR info:
_java_thread_list=0x000001f873a158a0, length=17, elements={
0x000001f864ae35a0, 0x000001f864ae4000, 0x000001f864ae5bd0, 0x000001f864ae6790,
0x000001f864ae8910, 0x000001f864ae90d0, 0x000001f864aebfd0, 0x000001f864afaff0,
0x000001f864bb8c20, 0x000001f864bc41d0, 0x000001f8693f9520, 0x000001f8693fce60,
0x000001f8694020f0, 0x000001f8736f28c0, 0x000001f8438657b0, 0x000001f8736c5100,
0x000001f873b83e00
}

Java Threads: ( => current thread )
  0x000001f864ae35a0 JavaThread "Reference Handler"          daemon [_thread_blocked, id=24464, stack(0x00000081ce100000,0x00000081ce200000) (1024K)]
  0x000001f864ae4000 JavaThread "Finalizer"                  daemon [_thread_blocked, id=11704, stack(0x00000081ce200000,0x00000081ce300000) (1024K)]
  0x000001f864ae5bd0 JavaThread "Signal Dispatcher"          daemon [_thread_blocked, id=26036, stack(0x00000081ce300000,0x00000081ce400000) (1024K)]
  0x000001f864ae6790 JavaThread "Attach Listener"            daemon [_thread_blocked, id=11340, stack(0x00000081ce400000,0x00000081ce500000) (1024K)]
  0x000001f864ae8910 JavaThread "Service Thread"             daemon [_thread_blocked, id=14564, stack(0x00000081ce500000,0x00000081ce600000) (1024K)]
  0x000001f864ae90d0 JavaThread "Monitor Deflation Thread"   daemon [_thread_blocked, id=30320, stack(0x00000081ce600000,0x00000081ce700000) (1024K)]
=>0x000001f864aebfd0 JavaThread "C2 CompilerThread0"         daemon [_thread_in_native, id=6272, stack(0x00000081ce700000,0x00000081ce800000) (1024K)]
  0x000001f864afaff0 JavaThread "C1 CompilerThread0"         daemon [_thread_blocked, id=26220, stack(0x00000081ce800000,0x00000081ce900000) (1024K)]
  0x000001f864bb8c20 JavaThread "Notification Thread"        daemon [_thread_blocked, id=30576, stack(0x00000081ce900000,0x00000081cea00000) (1024K)]
  0x000001f864bc41d0 JavaThread "Common-Cleaner"             daemon [_thread_blocked, id=14940, stack(0x00000081cea00000,0x00000081ceb00000) (1024K)]
  0x000001f8693f9520 JavaThread "Java2D Disposer"            daemon [_thread_blocked, id=27776, stack(0x00000081ceb00000,0x00000081cec00000) (1024K)]
  0x000001f8693fce60 JavaThread "AWT-Shutdown"                      [_thread_blocked, id=22144, stack(0x00000081cec00000,0x00000081ced00000) (1024K)]
  0x000001f8694020f0 JavaThread "AWT-Windows"                daemon [_thread_in_native, id=29288, stack(0x00000081ced00000,0x00000081cee00000) (1024K)]
  0x000001f8736f28c0 JavaThread "AWT-EventQueue-0"                  [_thread_blocked, id=23380, stack(0x00000081cfa00000,0x00000081cfb00000) (1024K)]
  0x000001f8438657b0 JavaThread "DestroyJavaVM"                     [_thread_blocked, id=29092, stack(0x00000081cd900000,0x00000081cda00000) (1024K)]
  0x000001f8736c5100 JavaThread "D3D Screen Updater"         daemon [_thread_blocked, id=2084, stack(0x00000081cff00000,0x00000081d0000000) (1024K)]
  0x000001f873b83e00 JavaThread "TimerQueue"                 daemon [_thread_blocked, id=22652, stack(0x00000081d0000000,0x00000081d0100000) (1024K)]
Total: 17

Other Threads:
  0x000001f864acedd0 VMThread "VM Thread"                           [id=21956, stack(0x00000081ce000000,0x00000081ce100000) (1024K)]
  0x000001f864abf710 WatcherThread "VM Periodic Task Thread"        [id=7620, stack(0x00000081cdf00000,0x00000081ce000000) (1024K)]
  0x000001f845c3b9c0 WorkerThread "GC Thread#0"                     [id=12644, stack(0x00000081cda00000,0x00000081cdb00000) (1024K)]
  0x000001f845c51510 ConcurrentGCThread "G1 Main Marker"            [id=25092, stack(0x00000081cdb00000,0x00000081cdc00000) (1024K)]
  0x000001f845c52fa0 WorkerThread "G1 Conc#0"                       [id=5044, stack(0x00000081cdc00000,0x00000081cdd00000) (1024K)]
  0x000001f864981560 ConcurrentGCThread "G1 Refine#0"               [id=9288, stack(0x00000081cdd00000,0x00000081cde00000) (1024K)]
  0x000001f864983e30 ConcurrentGCThread "G1 Service"                [id=25476, stack(0x00000081cde00000,0x00000081cdf00000) (1024K)]
Total: 7

Threads with active compile tasks:
C2 CompilerThread0  5210715 1924 % !   4       sun.java2d.d3d.D3DScreenUpdateManager::run @ 0 (267 bytes)
Total: 1

VM state: not at safepoint (normal execution)

VM Mutex/Monitor currently owned by a thread: None

Heap address: 0x0000000723a00000, size: 3526 MB, Compressed Oops mode: Zero based, Oop shift amount: 3

CDS archive(s) mapped at: [0x0000000089000000-0x0000000089dd0000-0x0000000089dd0000), size 14483456, SharedBaseAddress: 0x0000000089000000, ArchiveRelocationMode: 1.
Compressed class space mapped at: 0x000000008a000000-0x00000000ca000000, reserved size: 1073741824
UseCompressedClassPointers 1, UseCompactObjectHeaders 0
Narrow klass pointer bits 32, Max shift 3
Narrow klass base: 0x0000000089000000, Narrow klass shift: 0
Encoding Range: [0x0000000089000000 - 0x0000000189000000), (4294967296 bytes)
Klass Range:    [0x0000000089010000 - 0x00000000ca000000), (1090453504 bytes)
Klass ID Range:  [65536 - 1090519033) (1090453497)
Protection zone: [0x0000000089000000 - 0x0000000089010000), (65536 bytes)

GC Precious Log:
 CardTable entry size: 512
 Card Set container configuration: InlinePtr #cards 4 size 8 Array Of Cards #cards 16 size 48 Howl #buckets 8 coarsen threshold 3686 Howl Bitmap #cards 512 size 80 coarsen threshold 460 Card regions per heap region 1 cards per card region 4096
 CPUs: 12 total, 12 available
 Memory: 14102M
 Large Page Support: Disabled
 NUMA Support: Disabled
 Compressed Oops: Enabled (Zero based)
 Heap Region Size: 2M
 Heap Min Capacity: 8M
 Heap Initial Capacity: 222M
 Heap Max Capacity: 3526M
 Pre-touch: Disabled
 Parallel Workers: 10
 Concurrent Workers: 3
 Concurrent Refinement Workers: 10
 Periodic GC: Disabled

Heap:
 garbage-first heap   total reserved 3610624K, committed 229376K, used 27797K [0x0000000723a00000, 0x0000000800000000)
  region size 2048K, 14 young (28672K), 0 survivors (0K)

Heap Regions: E=young(eden), S=young(survivor), O=old, HS=humongous(starts), HC=humongous(continues), CS=collection set, F=free, TAMS=top-at-mark-start, PB=parsable bottom
|   0|0x0000000723a00000, 0x0000000723a00000, 0x0000000723c00000|  0%| F|  |TAMS 0x0000000723a00000| PB 0x0000000723a00000| Untracked |  0
|   1|0x0000000723c00000, 0x0000000723c00000, 0x0000000723e00000|  0%| F|  |TAMS 0x0000000723c00000| PB 0x0000000723c00000| Untracked |  0
|   2|0x0000000723e00000, 0x0000000723e00000, 0x0000000724000000|  0%| F|  |TAMS 0x0000000723e00000| PB 0x0000000723e00000| Untracked |  0
|   3|0x0000000724000000, 0x0000000724000000, 0x0000000724200000|  0%| F|  |TAMS 0x0000000724000000| PB 0x0000000724000000| Untracked |  0
|   4|0x0000000724200000, 0x0000000724200000, 0x0000000724400000|  0%| F|  |TAMS 0x0000000724200000| PB 0x0000000724200000| Untracked |  0
|   5|0x0000000724400000, 0x0000000724400000, 0x0000000724600000|  0%| F|  |TAMS 0x0000000724400000| PB 0x0000000724400000| Untracked |  0
|   6|0x0000000724600000, 0x0000000724600000, 0x0000000724800000|  0%| F|  |TAMS 0x0000000724600000| PB 0x0000000724600000| Untracked |  0
|   7|0x0000000724800000, 0x0000000724800000, 0x0000000724a00000|  0%| F|  |TAMS 0x0000000724800000| PB 0x0000000724800000| Untracked |  0
|   8|0x0000000724a00000, 0x0000000724a00000, 0x0000000724c00000|  0%| F|  |TAMS 0x0000000724a00000| PB 0x0000000724a00000| Untracked |  0
|   9|0x0000000724c00000, 0x0000000724c00000, 0x0000000724e00000|  0%| F|  |TAMS 0x0000000724c00000| PB 0x0000000724c00000| Untracked |  0
|  10|0x0000000724e00000, 0x0000000724e00000, 0x0000000725000000|  0%| F|  |TAMS 0x0000000724e00000| PB 0x0000000724e00000| Untracked |  0
|  11|0x0000000725000000, 0x0000000725000000, 0x0000000725200000|  0%| F|  |TAMS 0x0000000725000000| PB 0x0000000725000000| Untracked |  0
|  12|0x0000000725200000, 0x0000000725200000, 0x0000000725400000|  0%| F|  |TAMS 0x0000000725200000| PB 0x0000000725200000| Untracked |  0
|  13|0x0000000725400000, 0x0000000725400000, 0x0000000725600000|  0%| F|  |TAMS 0x0000000725400000| PB 0x0000000725400000| Untracked |  0
|  14|0x0000000725600000, 0x0000000725600000, 0x0000000725800000|  0%| F|  |TAMS 0x0000000725600000| PB 0x0000000725600000| Untracked |  0
|  15|0x0000000725800000, 0x0000000725800000, 0x0000000725a00000|  0%| F|  |TAMS 0x0000000725800000| PB 0x0000000725800000| Untracked |  0
|  16|0x0000000725a00000, 0x0000000725a00000, 0x0000000725c00000|  0%| F|  |TAMS 0x0000000725a00000| PB 0x0000000725a00000| Untracked |  0
|  17|0x0000000725c00000, 0x0000000725c00000, 0x0000000725e00000|  0%| F|  |TAMS 0x0000000725c00000| PB 0x0000000725c00000| Untracked |  0
|  18|0x0000000725e00000, 0x0000000725e00000, 0x0000000726000000|  0%| F|  |TAMS 0x0000000725e00000| PB 0x0000000725e00000| Untracked |  0
|  19|0x0000000726000000, 0x0000000726000000, 0x0000000726200000|  0%| F|  |TAMS 0x0000000726000000| PB 0x0000000726000000| Untracked |  0
|  20|0x0000000726200000, 0x0000000726200000, 0x0000000726400000|  0%| F|  |TAMS 0x0000000726200000| PB 0x0000000726200000| Untracked |  0
|  21|0x0000000726400000, 0x0000000726400000, 0x0000000726600000|  0%| F|  |TAMS 0x0000000726400000| PB 0x0000000726400000| Untracked |  0
|  22|0x0000000726600000, 0x0000000726600000, 0x0000000726800000|  0%| F|  |TAMS 0x0000000726600000| PB 0x0000000726600000| Untracked |  0
|  23|0x0000000726800000, 0x0000000726800000, 0x0000000726a00000|  0%| F|  |TAMS 0x0000000726800000| PB 0x0000000726800000| Untracked |  0
|  24|0x0000000726a00000, 0x0000000726a00000, 0x0000000726c00000|  0%| F|  |TAMS 0x0000000726a00000| PB 0x0000000726a00000| Untracked |  0
|  25|0x0000000726c00000, 0x0000000726c00000, 0x0000000726e00000|  0%| F|  |TAMS 0x0000000726c00000| PB 0x0000000726c00000| Untracked |  0
|  26|0x0000000726e00000, 0x0000000726e00000, 0x0000000727000000|  0%| F|  |TAMS 0x0000000726e00000| PB 0x0000000726e00000| Untracked |  0
|  27|0x0000000727000000, 0x0000000727000000, 0x0000000727200000|  0%| F|  |TAMS 0x0000000727000000| PB 0x0000000727000000| Untracked |  0
|  28|0x0000000727200000, 0x0000000727200000, 0x0000000727400000|  0%| F|  |TAMS 0x0000000727200000| PB 0x0000000727200000| Untracked |  0
|  29|0x0000000727400000, 0x0000000727400000, 0x0000000727600000|  0%| F|  |TAMS 0x0000000727400000| PB 0x0000000727400000| Untracked |  0
|  30|0x0000000727600000, 0x0000000727600000, 0x0000000727800000|  0%| F|  |TAMS 0x0000000727600000| PB 0x0000000727600000| Untracked |  0
|  31|0x0000000727800000, 0x0000000727800000, 0x0000000727a00000|  0%| F|  |TAMS 0x0000000727800000| PB 0x0000000727800000| Untracked |  0
|  32|0x0000000727a00000, 0x0000000727a00000, 0x0000000727c00000|  0%| F|  |TAMS 0x0000000727a00000| PB 0x0000000727a00000| Untracked |  0
|  33|0x0000000727c00000, 0x0000000727c00000, 0x0000000727e00000|  0%| F|  |TAMS 0x0000000727c00000| PB 0x0000000727c00000| Untracked |  0
|  34|0x0000000727e00000, 0x0000000727e00000, 0x0000000728000000|  0%| F|  |TAMS 0x0000000727e00000| PB 0x0000000727e00000| Untracked |  0
|  35|0x0000000728000000, 0x0000000728000000, 0x0000000728200000|  0%| F|  |TAMS 0x0000000728000000| PB 0x0000000728000000| Untracked |  0
|  36|0x0000000728200000, 0x0000000728200000, 0x0000000728400000|  0%| F|  |TAMS 0x0000000728200000| PB 0x0000000728200000| Untracked |  0
|  37|0x0000000728400000, 0x0000000728400000, 0x0000000728600000|  0%| F|  |TAMS 0x0000000728400000| PB 0x0000000728400000| Untracked |  0
|  38|0x0000000728600000, 0x0000000728600000, 0x0000000728800000|  0%| F|  |TAMS 0x0000000728600000| PB 0x0000000728600000| Untracked |  0
|  39|0x0000000728800000, 0x0000000728800000, 0x0000000728a00000|  0%| F|  |TAMS 0x0000000728800000| PB 0x0000000728800000| Untracked |  0
|  40|0x0000000728a00000, 0x0000000728a00000, 0x0000000728c00000|  0%| F|  |TAMS 0x0000000728a00000| PB 0x0000000728a00000| Untracked |  0
|  41|0x0000000728c00000, 0x0000000728c00000, 0x0000000728e00000|  0%| F|  |TAMS 0x0000000728c00000| PB 0x0000000728c00000| Untracked |  0
|  42|0x0000000728e00000, 0x0000000728e00000, 0x0000000729000000|  0%| F|  |TAMS 0x0000000728e00000| PB 0x0000000728e00000| Untracked |  0
|  43|0x0000000729000000, 0x0000000729000000, 0x0000000729200000|  0%| F|  |TAMS 0x0000000729000000| PB 0x0000000729000000| Untracked |  0
|  44|0x0000000729200000, 0x0000000729200000, 0x0000000729400000|  0%| F|  |TAMS 0x0000000729200000| PB 0x0000000729200000| Untracked |  0
|  45|0x0000000729400000, 0x0000000729400000, 0x0000000729600000|  0%| F|  |TAMS 0x0000000729400000| PB 0x0000000729400000| Untracked |  0
|  46|0x0000000729600000, 0x0000000729600000, 0x0000000729800000|  0%| F|  |TAMS 0x0000000729600000| PB 0x0000000729600000| Untracked |  0
|  47|0x0000000729800000, 0x0000000729800000, 0x0000000729a00000|  0%| F|  |TAMS 0x0000000729800000| PB 0x0000000729800000| Untracked |  0
|  48|0x0000000729a00000, 0x0000000729a00000, 0x0000000729c00000|  0%| F|  |TAMS 0x0000000729a00000| PB 0x0000000729a00000| Untracked |  0
|  49|0x0000000729c00000, 0x0000000729c00000, 0x0000000729e00000|  0%| F|  |TAMS 0x0000000729c00000| PB 0x0000000729c00000| Untracked |  0
|  50|0x0000000729e00000, 0x0000000729e00000, 0x000000072a000000|  0%| F|  |TAMS 0x0000000729e00000| PB 0x0000000729e00000| Untracked |  0
|  51|0x000000072a000000, 0x000000072a000000, 0x000000072a200000|  0%| F|  |TAMS 0x000000072a000000| PB 0x000000072a000000| Untracked |  0
|  52|0x000000072a200000, 0x000000072a200000, 0x000000072a400000|  0%| F|  |TAMS 0x000000072a200000| PB 0x000000072a200000| Untracked |  0
|  53|0x000000072a400000, 0x000000072a400000, 0x000000072a600000|  0%| F|  |TAMS 0x000000072a400000| PB 0x000000072a400000| Untracked |  0
|  54|0x000000072a600000, 0x000000072a600000, 0x000000072a800000|  0%| F|  |TAMS 0x000000072a600000| PB 0x000000072a600000| Untracked |  0
|  55|0x000000072a800000, 0x000000072a800000, 0x000000072aa00000|  0%| F|  |TAMS 0x000000072a800000| PB 0x000000072a800000| Untracked |  0
|  56|0x000000072aa00000, 0x000000072aa00000, 0x000000072ac00000|  0%| F|  |TAMS 0x000000072aa00000| PB 0x000000072aa00000| Untracked |  0
|  57|0x000000072ac00000, 0x000000072ac00000, 0x000000072ae00000|  0%| F|  |TAMS 0x000000072ac00000| PB 0x000000072ac00000| Untracked |  0
|  58|0x000000072ae00000, 0x000000072ae00000, 0x000000072b000000|  0%| F|  |TAMS 0x000000072ae00000| PB 0x000000072ae00000| Untracked |  0
|  59|0x000000072b000000, 0x000000072b000000, 0x000000072b200000|  0%| F|  |TAMS 0x000000072b000000| PB 0x000000072b000000| Untracked |  0
|  60|0x000000072b200000, 0x000000072b200000, 0x000000072b400000|  0%| F|  |TAMS 0x000000072b200000| PB 0x000000072b200000| Untracked |  0
|  61|0x000000072b400000, 0x000000072b400000, 0x000000072b600000|  0%| F|  |TAMS 0x000000072b400000| PB 0x000000072b400000| Untracked |  0
|  62|0x000000072b600000, 0x000000072b600000, 0x000000072b800000|  0%| F|  |TAMS 0x000000072b600000| PB 0x000000072b600000| Untracked |  0
|  63|0x000000072b800000, 0x000000072b800000, 0x000000072ba00000|  0%| F|  |TAMS 0x000000072b800000| PB 0x000000072b800000| Untracked |  0
|  64|0x000000072ba00000, 0x000000072ba00000, 0x000000072bc00000|  0%| F|  |TAMS 0x000000072ba00000| PB 0x000000072ba00000| Untracked |  0
|  65|0x000000072bc00000, 0x000000072bc00000, 0x000000072be00000|  0%| F|  |TAMS 0x000000072bc00000| PB 0x000000072bc00000| Untracked |  0
|  66|0x000000072be00000, 0x000000072be00000, 0x000000072c000000|  0%| F|  |TAMS 0x000000072be00000| PB 0x000000072be00000| Untracked |  0
|  67|0x000000072c000000, 0x000000072c000000, 0x000000072c200000|  0%| F|  |TAMS 0x000000072c000000| PB 0x000000072c000000| Untracked |  0
|  68|0x000000072c200000, 0x000000072c200000, 0x000000072c400000|  0%| F|  |TAMS 0x000000072c200000| PB 0x000000072c200000| Untracked |  0
|  69|0x000000072c400000, 0x000000072c400000, 0x000000072c600000|  0%| F|  |TAMS 0x000000072c400000| PB 0x000000072c400000| Untracked |  0
|  70|0x000000072c600000, 0x000000072c600000, 0x000000072c800000|  0%| F|  |TAMS 0x000000072c600000| PB 0x000000072c600000| Untracked |  0
|  71|0x000000072c800000, 0x000000072c800000, 0x000000072ca00000|  0%| F|  |TAMS 0x000000072c800000| PB 0x000000072c800000| Untracked |  0
|  72|0x000000072ca00000, 0x000000072ca00000, 0x000000072cc00000|  0%| F|  |TAMS 0x000000072ca00000| PB 0x000000072ca00000| Untracked |  0
|  73|0x000000072cc00000, 0x000000072cc00000, 0x000000072ce00000|  0%| F|  |TAMS 0x000000072cc00000| PB 0x000000072cc00000| Untracked |  0
|  74|0x000000072ce00000, 0x000000072ce00000, 0x000000072d000000|  0%| F|  |TAMS 0x000000072ce00000| PB 0x000000072ce00000| Untracked |  0
|  75|0x000000072d000000, 0x000000072d000000, 0x000000072d200000|  0%| F|  |TAMS 0x000000072d000000| PB 0x000000072d000000| Untracked |  0
|  76|0x000000072d200000, 0x000000072d200000, 0x000000072d400000|  0%| F|  |TAMS 0x000000072d200000| PB 0x000000072d200000| Untracked |  0
|  77|0x000000072d400000, 0x000000072d400000, 0x000000072d600000|  0%| F|  |TAMS 0x000000072d400000| PB 0x000000072d400000| Untracked |  0
|  78|0x000000072d600000, 0x000000072d600000, 0x000000072d800000|  0%| F|  |TAMS 0x000000072d600000| PB 0x000000072d600000| Untracked |  0
|  79|0x000000072d800000, 0x000000072d800000, 0x000000072da00000|  0%| F|  |TAMS 0x000000072d800000| PB 0x000000072d800000| Untracked |  0
|  80|0x000000072da00000, 0x000000072da00000, 0x000000072dc00000|  0%| F|  |TAMS 0x000000072da00000| PB 0x000000072da00000| Untracked |  0
|  81|0x000000072dc00000, 0x000000072dc00000, 0x000000072de00000|  0%| F|  |TAMS 0x000000072dc00000| PB 0x000000072dc00000| Untracked |  0
|  82|0x000000072de00000, 0x000000072de00000, 0x000000072e000000|  0%| F|  |TAMS 0x000000072de00000| PB 0x000000072de00000| Untracked |  0
|  83|0x000000072e000000, 0x000000072e000000, 0x000000072e200000|  0%| F|  |TAMS 0x000000072e000000| PB 0x000000072e000000| Untracked |  0
|  84|0x000000072e200000, 0x000000072e200000, 0x000000072e400000|  0%| F|  |TAMS 0x000000072e200000| PB 0x000000072e200000| Untracked |  0
|  85|0x000000072e400000, 0x000000072e400000, 0x000000072e600000|  0%| F|  |TAMS 0x000000072e400000| PB 0x000000072e400000| Untracked |  0
|  86|0x000000072e600000, 0x000000072e600000, 0x000000072e800000|  0%| F|  |TAMS 0x000000072e600000| PB 0x000000072e600000| Untracked |  0
|  87|0x000000072e800000, 0x000000072e800000, 0x000000072ea00000|  0%| F|  |TAMS 0x000000072e800000| PB 0x000000072e800000| Untracked |  0
|  88|0x000000072ea00000, 0x000000072ea00000, 0x000000072ec00000|  0%| F|  |TAMS 0x000000072ea00000| PB 0x000000072ea00000| Untracked |  0
|  89|0x000000072ec00000, 0x000000072ec00000, 0x000000072ee00000|  0%| F|  |TAMS 0x000000072ec00000| PB 0x000000072ec00000| Untracked |  0
|  90|0x000000072ee00000, 0x000000072ee00000, 0x000000072f000000|  0%| F|  |TAMS 0x000000072ee00000| PB 0x000000072ee00000| Untracked |  0
|  91|0x000000072f000000, 0x000000072f000000, 0x000000072f200000|  0%| F|  |TAMS 0x000000072f000000| PB 0x000000072f000000| Untracked |  0
|  92|0x000000072f200000, 0x000000072f200000, 0x000000072f400000|  0%| F|  |TAMS 0x000000072f200000| PB 0x000000072f200000| Untracked |  0
|  93|0x000000072f400000, 0x000000072f400000, 0x000000072f600000|  0%| F|  |TAMS 0x000000072f400000| PB 0x000000072f400000| Untracked |  0
|  94|0x000000072f600000, 0x000000072f600000, 0x000000072f800000|  0%| F|  |TAMS 0x000000072f600000| PB 0x000000072f600000| Untracked |  0
|  95|0x000000072f800000, 0x000000072f800000, 0x000000072fa00000|  0%| F|  |TAMS 0x000000072f800000| PB 0x000000072f800000| Untracked |  0
|  96|0x000000072fa00000, 0x000000072fa00000, 0x000000072fc00000|  0%| F|  |TAMS 0x000000072fa00000| PB 0x000000072fa00000| Untracked |  0
|  97|0x000000072fc00000, 0x000000072fdeb880, 0x000000072fe00000| 96%| E|  |TAMS 0x000000072fc00000| PB 0x000000072fc00000| Complete |  0
|  98|0x000000072fe00000, 0x0000000730000000, 0x0000000730000000|100%| E|CS|TAMS 0x000000072fe00000| PB 0x000000072fe00000| Complete |  0
|  99|0x0000000730000000, 0x0000000730200000, 0x0000000730200000|100%| E|CS|TAMS 0x0000000730000000| PB 0x0000000730000000| Complete |  0
| 100|0x0000000730200000, 0x0000000730400000, 0x0000000730400000|100%| E|CS|TAMS 0x0000000730200000| PB 0x0000000730200000| Complete |  0
| 101|0x0000000730400000, 0x0000000730600000, 0x0000000730600000|100%| E|CS|TAMS 0x0000000730400000| PB 0x0000000730400000| Complete |  0
| 102|0x0000000730600000, 0x0000000730800000, 0x0000000730800000|100%| E|CS|TAMS 0x0000000730600000| PB 0x0000000730600000| Complete |  0
| 103|0x0000000730800000, 0x0000000730a00000, 0x0000000730a00000|100%| E|CS|TAMS 0x0000000730800000| PB 0x0000000730800000| Complete |  0
| 104|0x0000000730a00000, 0x0000000730c00000, 0x0000000730c00000|100%| E|CS|TAMS 0x0000000730a00000| PB 0x0000000730a00000| Complete |  0
| 105|0x0000000730c00000, 0x0000000730e00000, 0x0000000730e00000|100%| E|CS|TAMS 0x0000000730c00000| PB 0x0000000730c00000| Complete |  0
| 106|0x0000000730e00000, 0x0000000731000000, 0x0000000731000000|100%| E|CS|TAMS 0x0000000730e00000| PB 0x0000000730e00000| Complete |  0
| 107|0x0000000731000000, 0x0000000731200000, 0x0000000731200000|100%| E|CS|TAMS 0x0000000731000000| PB 0x0000000731000000| Complete |  0
| 108|0x0000000731200000, 0x0000000731400000, 0x0000000731400000|100%| E|CS|TAMS 0x0000000731200000| PB 0x0000000731200000| Complete |  0
| 109|0x0000000731400000, 0x0000000731600000, 0x0000000731600000|100%| E|CS|TAMS 0x0000000731400000| PB 0x0000000731400000| Complete |  0
| 110|0x0000000731600000, 0x0000000731800000, 0x0000000731800000|100%| E|CS|TAMS 0x0000000731600000| PB 0x0000000731600000| Complete |  0
|1762|0x00000007ffe00000, 0x00000007fff25608, 0x0000000800000000| 57%| O|  |TAMS 0x00000007ffe00000| PB 0x00000007ffe00000| Untracked |  0

Card table byte_map: [0x000001f85e0b0000,0x000001f85e7a0000] _byte_map_base: 0x000001f85a793000

Marking Bits: (CMBitMap*) 0x000001f845c3c150
 Bits: [0x000001f85e7a0000, 0x000001f861eb8000)

Polling page: 0x000001f843a20000

Metaspace:
Metaspace        used 11471K, committed 11584K, reserved 1114112K
 class space     used 1092K, committed 1152K, reserved 1048576K

Usage:
  Non-class:     10.14 MB used.
      Class:      1.07 MB used.
       Both:     11.20 MB used.

Virtual space:
  Non-class space:       64.00 MB reserved,      10.19 MB ( 16%) committed,  1 nodes.
      Class space:        1.00 GB reserved,       1.12 MB ( <1%) committed,  1 nodes.
             Both:        1.06 GB reserved,      11.31 MB (  1%) committed. 

Chunk freelists:
   Non-Class:  5.00 MB
       Class:  14.75 MB
        Both:  19.75 MB

MaxMetaspaceSize: unlimited
CompressedClassSpaceSize: 1.00 GB
Initial GC threshold: 21.00 MB
Current GC threshold: 21.00 MB
CDS: on
 - commit_granule_bytes: 65536.
 - commit_granule_words: 8192.
 - virtual_space_node_default_size: 8388608.
 - enlarge_chunks_in_place: 1.
UseCompressedClassPointers 1, UseCompactObjectHeaders 0
Narrow klass pointer bits 32, Max shift 3
Narrow klass base: 0x0000000089000000, Narrow klass shift: 0
Encoding Range: [0x0000000089000000 - 0x0000000189000000), (4294967296 bytes)
Klass Range:    [0x0000000089010000 - 0x00000000ca000000), (1090453504 bytes)
Klass ID Range:  [65536 - 1090519033) (1090453497)
Protection zone: [0x0000000089000000 - 0x0000000089010000), (65536 bytes)


Internal statistics:

num_allocs_failed_limit: 0.
num_arena_births: 96.
num_arena_deaths: 0.
num_vsnodes_births: 2.
num_vsnodes_deaths: 0.
num_space_committed: 181.
num_space_uncommitted: 0.
num_chunks_returned_to_freelist: 0.
num_chunks_taken_from_freelist: 150.
num_chunk_merges: 0.
num_chunk_splits: 93.
num_chunks_enlarged: 54.
num_inconsistent_stats: 0.

CodeHeap 'non-profiled nmethods': size=120064Kb used=470Kb max_used=470Kb free=119593Kb
 bounds [0x000001f855f20000, 0x000001f856190000, 0x000001f85d460000]
CodeHeap 'profiled nmethods': size=120000Kb used=2825Kb max_used=2825Kb free=117174Kb
 bounds [0x000001f84e460000, 0x000001f84e730000, 0x000001f855990000]
CodeHeap 'non-nmethods': size=5696Kb used=1773Kb max_used=1796Kb free=3923Kb
 bounds [0x000001f855990000, 0x000001f855c00000, 0x000001f855f20000]
CodeCache: size=245760Kb, used=5068Kb, max_used=5091Kb, free=240690Kb
 total_blobs=2640, nmethods=1921, adapters=621, full_count=0
Compilation: enabled, stopped_count=0, restarted_count=0

Compilation events (20 events):
Event: 25.298 Thread 0x000001f864afaff0 nmethod 1913 0x000001f84e71bf88 code [0x000001f84e71c080, 0x000001f84e71c2a0]
Event: 410.435 Thread 0x000001f864aebfd0 1914       4       java.util.Arrays::copyOf (40 bytes)
Event: 410.440 Thread 0x000001f864aebfd0 nmethod 1914 0x000001f855f93608 code [0x000001f855f93700, 0x000001f855f93bf0]
Event: 423.440 Thread 0x000001f864aebfd0 1916       4       java.util.Arrays::copyOf (40 bytes)
Event: 423.448 Thread 0x000001f864aebfd0 nmethod 1916 0x000001f855f93f08 code [0x000001f855f94000, 0x000001f855f94560]
Event: 496.196 Thread 0x000001f864aebfd0 1917   !   4       java.lang.Object::wait (59 bytes)
Event: 496.198 Thread 0x000001f864aebfd0 nmethod 1917 0x000001f855f94588 code [0x000001f855f94680, 0x000001f855f94780]
Event: 535.499 Thread 0x000001f864aebfd0 1918       4       java.util.ArrayList::toArray (57 bytes)
Event: 535.504 Thread 0x000001f864aebfd0 nmethod 1918 0x000001f855f94888 code [0x000001f855f94980, 0x000001f855f94d90]
Event: 540.939 Thread 0x000001f864aebfd0 1919       4       sun.java2d.StateTrackableDelegate$1::isCurrent (17 bytes)
Event: 540.940 Thread 0x000001f864aebfd0 nmethod 1919 0x000001f855f94e08 code [0x000001f855f94f00, 0x000001f855f94fc0]
Event: 541.240 Thread 0x000001f864aebfd0 1920       4       sun.java2d.d3d.D3DSurfaceData$D3DWindowSurfaceData::isDirty (18 bytes)
Event: 541.241 Thread 0x000001f864aebfd0 nmethod 1920 0x000001f855f95108 code [0x000001f855f95200, 0x000001f855f952f8]
Event: 548.496 Thread 0x000001f864aebfd0 1921       4       java.util.ArrayList::toArray (57 bytes)
Event: 548.499 Thread 0x000001f864aebfd0 nmethod 1921 0x000001f855f95408 code [0x000001f855f95500, 0x000001f855f959f8]
Event: 3123.208 Thread 0x000001f864afaff0 1922 % !   3       sun.java2d.d3d.D3DScreenUpdateManager::run @ 0 (267 bytes)
Event: 3123.272 Thread 0x000001f864afaff0 nmethod 1922% 0x000001f84e71c308 code [0x000001f84e71c400, 0x000001f84e71f3b0]
Event: 3174.954 Thread 0x000001f864afaff0 1923   !   3       sun.java2d.d3d.D3DScreenUpdateManager::run (267 bytes)
Event: 3174.976 Thread 0x000001f864afaff0 nmethod 1923 0x000001f84e71f408 code [0x000001f84e71f500, 0x000001f84e722418]
Event: 5209.517 Thread 0x000001f864aebfd0 1924 % !   4       sun.java2d.d3d.D3DScreenUpdateManager::run @ 0 (267 bytes)

GC Heap Usage History (0 events):
No events

Metaspace Usage History (0 events):
No events

Dll operation events (9 events):
Event: 0.008 Loaded shared library C:\Program Files\Java\jdk-25\bin\java.dll
Event: 0.042 Loaded shared library C:\Program Files\Java\jdk-25\bin\net.dll
Event: 0.043 Loaded shared library C:\Program Files\Java\jdk-25\bin\nio.dll
Event: 0.046 Loaded shared library C:\Program Files\Java\jdk-25\bin\zip.dll
Event: 0.056 Loaded shared library C:\Program Files\Java\jdk-25\bin\jimage.dll
Event: 0.064 Loaded shared library C:\Program Files\Java\jdk-25\bin\awt.dll
Event: 0.297 Loaded shared library C:\Program Files\Java\jdk-25\bin\verify.dll
Event: 0.359 Loaded shared library C:\Program Files\Java\jdk-25\bin\freetype.dll
Event: 0.360 Loaded shared library C:\Program Files\Java\jdk-25\bin\fontmanager.dll

Deoptimization events (20 events):
Event: 0.701 Thread 0x000001f8736f28c0 Uncommon trap: trap_request=0xffffff45 fr.pc=0x000001f855f7cfe4 relative=0x00000000000003e4
Event: 0.701 Thread 0x000001f8736f28c0 Uncommon trap: reason=unstable_if action=reinterpret pc=0x000001f855f7cfe4 method=java.lang.Character.isSurrogate(C)Z @ 3 c2
Event: 0.701 Thread 0x000001f8736f28c0 DEOPT PACKING pc=0x000001f855f7cfe4 sp=0x00000081cfafce20
Event: 0.701 Thread 0x000001f8736f28c0 DEOPT UNPACKING pc=0x000001f855ac0882 sp=0x00000081cfafcd38 mode 2
Event: 0.716 Thread 0x000001f8736f28c0 Uncommon trap: trap_request=0xffffff54 fr.pc=0x000001f855f73a60 relative=0x0000000000000060
Event: 0.716 Thread 0x000001f8736f28c0 Uncommon trap: reason=speculate_null_check action=make_not_entrant pc=0x000001f855f73a60 method=jdk.internal.misc.Unsafe.getIntUnaligned(Ljava/lang/Object;JZ)I @ 5 c2
Event: 0.716 Thread 0x000001f8736f28c0 DEOPT PACKING pc=0x000001f855f73a60 sp=0x00000081cfafd210
Event: 0.716 Thread 0x000001f8736f28c0 DEOPT UNPACKING pc=0x000001f855ac0882 sp=0x00000081cfafd168 mode 2
Event: 0.766 Thread 0x000001f8736f28c0 Uncommon trap: trap_request=0xffffff45 fr.pc=0x000001f855f7b744 relative=0x00000000000000c4
Event: 0.766 Thread 0x000001f8736f28c0 Uncommon trap: reason=unstable_if action=reinterpret pc=0x000001f855f7b744 method=java.lang.ThreadLocal.getMap(Ljava/lang/Thread;)Ljava/lang/ThreadLocal$ThreadLocalMap; @ 4 c2
Event: 0.766 Thread 0x000001f8736f28c0 DEOPT PACKING pc=0x000001f855f7b744 sp=0x00000081cfafd760
Event: 0.766 Thread 0x000001f8736f28c0 DEOPT UNPACKING pc=0x000001f855ac0882 sp=0x00000081cfafd690 mode 2
Event: 410.536 Thread 0x000001f8736c5100 Uncommon trap: trap_request=0xffffffcc fr.pc=0x000001f855f939b4 relative=0x00000000000002b4
Event: 410.536 Thread 0x000001f8736c5100 Uncommon trap: reason=intrinsic_or_type_checked_inlining action=make_not_entrant pc=0x000001f855f939b4 method=java.util.Arrays.copyOf([Ljava/lang/Object;ILjava/lang/Class;)[Ljava/lang/Object; @ 35 c2
Event: 410.536 Thread 0x000001f8736c5100 DEOPT PACKING pc=0x000001f855f939b4 sp=0x00000081cffff4d0
Event: 410.536 Thread 0x000001f8736c5100 DEOPT UNPACKING pc=0x000001f855ac0882 sp=0x00000081cffff460 mode 2
Event: 535.600 Thread 0x000001f8736c5100 Uncommon trap: trap_request=0xffffffdc fr.pc=0x000001f855f94b88 relative=0x0000000000000208
Event: 535.600 Thread 0x000001f8736c5100 Uncommon trap: reason=class_check action=make_not_entrant pc=0x000001f855f94b88 method=java.util.ArrayList.toArray([Ljava/lang/Object;)[Ljava/lang/Object; @ 21 c2
Event: 535.600 Thread 0x000001f8736c5100 DEOPT PACKING pc=0x000001f855f94b88 sp=0x00000081cffff530
Event: 535.600 Thread 0x000001f8736c5100 DEOPT UNPACKING pc=0x000001f855ac0882 sp=0x00000081cffff4f0 mode 2

Classes loaded (20 events):
Event: 0.895 Loading class java/text/AttributedString$AttributedStringIterator
Event: 0.895 Loading class java/text/AttributedCharacterIterator
Event: 0.895 Loading class java/text/AttributedCharacterIterator done
Event: 0.895 Loading class java/text/AttributedString$AttributedStringIterator done
Event: 0.895 Loading class java/awt/event/ContainerEvent
Event: 0.895 Loading class java/awt/event/ContainerEvent done
Event: 0.895 Loading class javax/swing/TimerQueue
Event: 0.895 Loading class javax/swing/TimerQueue done
Event: 0.896 Loading class java/util/concurrent/DelayQueue
Event: 0.896 Loading class java/util/concurrent/BlockingQueue
Event: 0.897 Loading class java/util/concurrent/BlockingQueue done
Event: 0.897 Loading class java/util/concurrent/DelayQueue done
Event: 0.897 Loading class java/util/PriorityQueue
Event: 0.897 Loading class java/util/PriorityQueue done
Event: 0.897 Loading class javax/swing/TimerQueue$DelayedTimer
Event: 0.898 Loading class java/util/concurrent/Delayed
Event: 0.898 Loading class java/util/concurrent/Delayed done
Event: 0.898 Loading class javax/swing/TimerQueue$DelayedTimer done
Event: 4.755 Loading class sun/awt/SunToolkit$1
Event: 4.756 Loading class sun/awt/SunToolkit$1 done

Classes unloaded (0 events):
No events

Classes redefined (0 events):
No events

Internal exceptions (20 events):
Event: 0.153 Thread 0x000001f8438657b0 Exception <a 'java/lang/NoSuchMethodError'{0x000000073151dd18}: 'long java.lang.invoke.DirectMethodHandle$Holder.invokeStaticInit(java.lang.Object, java.lang.Object)'> (0x000000073151dd18) 
thrown [s\open\src\hotspot\share\interpreter\linkResolver.cpp, line 804]
Event: 0.153 Thread 0x000001f8438657b0 Exception <a 'java/lang/NoSuchMethodError'{0x00000007315265c8}: 'java.lang.Object java.lang.invoke.DirectMethodHandle$Holder.invokeStatic(java.lang.Object, long, java.lang.Object)'> (0x00000007315265c8) 
thrown [s\open\src\hotspot\share\interpreter\linkResolver.cpp, line 804]
Event: 0.154 Thread 0x000001f8438657b0 Exception <a 'java/lang/NoSuchMethodError'{0x000000073152e718}: 'java.lang.Object java.lang.invoke.DirectMethodHandle$Holder.invokeStaticInit(java.lang.Object, long, java.lang.Object)'> (0x000000073152e718) 
thrown [s\open\src\hotspot\share\interpreter\linkResolver.cpp, line 804]
Event: 0.154 Thread 0x000001f8438657b0 Exception <a 'java/lang/NoSuchMethodError'{0x0000000731536f28}: 'java.lang.Object java.lang.invoke.DirectMethodHandle$Holder.invokeStaticInit(java.lang.Object, long)'> (0x0000000731536f28) 
thrown [s\open\src\hotspot\share\interpreter\linkResolver.cpp, line 804]
Event: 0.242 Thread 0x000001f8438657b0 Exception <a 'java/lang/NoSuchMethodError'{0x0000000731565f80}: 'void java.lang.invoke.DirectMethodHandle$Holder.invokeSpecial(java.lang.Object, java.lang.Object, java.lang.Object)'> (0x0000000731565f80) 
thrown [s\open\src\hotspot\share\interpreter\linkResolver.cpp, line 804]
Event: 0.247 Thread 0x000001f8438657b0 Exception <a 'java/lang/NoSuchMethodError'{0x00000007315d5268}: 'java.lang.Object java.lang.invoke.DirectMethodHandle$Holder.newInvokeSpecial(java.lang.Object, java.lang.Object, java.lang.Object, java.lang.Object, java.lang.Object)'> (0x00000007315d5268) 
thrown [s\open\src\hotspot\share\interpreter\linkResolver.cpp, line 804]
Event: 0.251 Thread 0x000001f8438657b0 Exception <a 'java/lang/NoSuchMethodError'{0x0000000731251750}: 'java.lang.Object java.lang.invoke.DirectMethodHandle$Holder.invokeStatic(java.lang.Object, int, java.lang.Object)'> (0x0000000731251750) 
thrown [s\open\src\hotspot\share\interpreter\linkResolver.cpp, line 804]
Event: 0.272 Thread 0x000001f8438657b0 Exception <a 'java/lang/ClassNotFoundException'{0x000000073107edb0}: com/sun/swing/internal/plaf/metal/resources/spi/metalProvider> (0x000000073107edb0) 
thrown [s\open\src\hotspot\share\classfile\systemDictionary.cpp, line 327]
Event: 0.273 Thread 0x000001f8438657b0 Exception <a 'java/lang/ClassNotFoundException'{0x0000000731082820}: com/sun/swing/internal/plaf/basic/resources/spi/basicProvider> (0x0000000731082820) 
thrown [s\open\src\hotspot\share\classfile\systemDictionary.cpp, line 327]
Event: 0.279 Thread 0x000001f8438657b0 Exception <a 'java/lang/NoSuchMethodError'{0x00000007310b0b88}: 'int java.lang.invoke.Invokers$Holder.invokeExact_MT(java.lang.Object, java.lang.Object)'> (0x00000007310b0b88) 
thrown [s\open\src\hotspot\share\interpreter\linkResolver.cpp, line 804]
Event: 0.368 Thread 0x000001f8438657b0 Exception <a 'java/lang/NoSuchMethodError'{0x0000000730fc7000}: 'long java.lang.invoke.DirectMethodHandle$Holder.invokeStaticInit(java.lang.Object, long, long, long, long)'> (0x0000000730fc7000) 
thrown [s\open\src\hotspot\share\interpreter\linkResolver.cpp, line 804]
Event: 0.369 Thread 0x000001f8438657b0 Exception <a 'java/lang/NoSuchMethodError'{0x0000000730fcfbd0}: 'java.lang.Object java.lang.invoke.DirectMethodHandle$Holder.invokeInterface(java.lang.Object, java.lang.Object, long, long)'> (0x0000000730fcfbd0) 
thrown [s\open\src\hotspot\share\interpreter\linkResolver.cpp, line 804]
Event: 0.370 Thread 0x000001f8438657b0 Exception <a 'java/lang/NoSuchMethodError'{0x0000000730fe8468}: 'void java.lang.invoke.DirectMethodHandle$Holder.invokeStaticInit(java.lang.Object, java.lang.Object, long, java.lang.Object)'> (0x0000000730fe8468) 
thrown [s\open\src\hotspot\share\interpreter\linkResolver.cpp, line 804]
Event: 0.370 Thread 0x000001f8438657b0 Exception <a 'java/lang/NoSuchMethodError'{0x0000000730ff2d40}: 'long java.lang.invoke.DirectMethodHandle$Holder.invokeStatic(java.lang.Object, long, long)'> (0x0000000730ff2d40) 
thrown [s\open\src\hotspot\share\interpreter\linkResolver.cpp, line 804]
Event: 0.373 Thread 0x000001f8438657b0 Exception <a 'java/lang/NoSuchMethodError'{0x0000000730c186b0}: 'java.lang.Object java.lang.invoke.DirectMethodHandle$Holder.newInvokeSpecial(java.lang.Object, int, java.lang.Object)'> (0x0000000730c186b0) 
thrown [s\open\src\hotspot\share\interpreter\linkResolver.cpp, line 804]
Event: 0.395 Thread 0x000001f8438657b0 Exception <a 'java/lang/NoSuchMethodError'{0x0000000730c8a790}: 'void java.lang.invoke.DelegatingMethodHandle$Holder.reinvoke_L(java.lang.Object, java.lang.Object, java.lang.Object, long, float)'> (0x0000000730c8a790) 
thrown [s\open\src\hotspot\share\interpreter\linkResolver.cpp, line 804]
Event: 0.397 Thread 0x000001f8438657b0 Exception <a 'java/lang/NoSuchMethodError'{0x0000000730ca2b80}: 'java.lang.Object java.lang.invoke.DirectMethodHandle$Holder.invokeStatic(java.lang.Object, java.lang.Object, java.lang.Object, java.lang.Object, long)'> (0x0000000730ca2b80) 
thrown [s\open\src\hotspot\share\interpreter\linkResolver.cpp, line 804]
Event: 0.399 Thread 0x000001f8438657b0 Exception <a 'java/lang/NoSuchMethodError'{0x0000000730cc4ec8}: 'float java.lang.invoke.DelegatingMethodHandle$Holder.reinvoke_L(java.lang.Object, java.lang.Object, java.lang.Object, long)'> (0x0000000730cc4ec8) 
thrown [s\open\src\hotspot\share\interpreter\linkResolver.cpp, line 804]
Event: 0.512 Thread 0x000001f8694020f0 Exception <a 'java/lang/NoSuchMethodError'{0x00000007315fbb40}: 'void java.lang.invoke.DirectMethodHandle$Holder.invokeVirtual(java.lang.Object, java.lang.Object)'> (0x00000007315fbb40) 
thrown [s\open\src\hotspot\share\interpreter\linkResolver.cpp, line 804]
Event: 0.521 Thread 0x000001f8438657b0 Exception <a 'java/lang/NoSuchMethodError'{0x0000000730ac2700}: 'void java.lang.invoke.DirectMethodHandle$Holder.invokeStaticInit(java.lang.Object)'> (0x0000000730ac2700) 
thrown [s\open\src\hotspot\share\interpreter\linkResolver.cpp, line 804]

VM Operations (16 events):
Event: 0.293 Executing non-safepoint VM operation: HandshakeAllThreads (Deoptimize)
Event: 0.293 Executing non-safepoint VM operation: HandshakeAllThreads (Deoptimize) done
Event: 0.324 Executing non-safepoint VM operation: HandshakeAllThreads (Deoptimize)
Event: 0.324 Executing non-safepoint VM operation: HandshakeAllThreads (Deoptimize) done
Event: 0.353 Executing non-safepoint VM operation: HandshakeAllThreads (Deoptimize)
Event: 0.353 Executing non-safepoint VM operation: HandshakeAllThreads (Deoptimize) done
Event: 0.372 Executing non-safepoint VM operation: HandshakeAllThreads (Deoptimize)
Event: 0.372 Executing non-safepoint VM operation: HandshakeAllThreads (Deoptimize) done
Event: 0.505 Executing non-safepoint VM operation: HandshakeAllThreads (Deoptimize)
Event: 0.506 Executing non-safepoint VM operation: HandshakeAllThreads (Deoptimize) done
Event: 0.867 Executing non-safepoint VM operation: HandshakeAllThreads (Deoptimize)
Event: 0.867 Executing non-safepoint VM operation: HandshakeAllThreads (Deoptimize) done
Event: 60.212 Executing non-safepoint VM operation: HandshakeAllThreads (HandshakeForDeflation)
Event: 60.212 Executing non-safepoint VM operation: HandshakeAllThreads (HandshakeForDeflation) done
Event: 60.212 Executing non-safepoint VM operation: RendezvousGCThreads
Event: 60.212 Executing non-safepoint VM operation: RendezvousGCThreads done

Memory protections (0 events):
No events

Nmethod flushes (0 events):
No events

Events (20 events):
Event: 0.030 Thread 0x000001f8438657b0 Thread added: 0x000001f864ae5bd0
Event: 0.030 Thread 0x000001f8438657b0 Thread added: 0x000001f864ae6790
Event: 0.030 Thread 0x000001f8438657b0 Thread added: 0x000001f864ae8910
Event: 0.030 Thread 0x000001f8438657b0 Thread added: 0x000001f864ae90d0
Event: 0.030 Thread 0x000001f8438657b0 Thread added: 0x000001f864aebfd0
Event: 0.030 Thread 0x000001f8438657b0 Thread added: 0x000001f864afaff0
Event: 0.033 Thread 0x000001f8438657b0 Thread added: 0x000001f864bb8c20
Event: 0.036 Thread 0x000001f8438657b0 Thread added: 0x000001f864bc41d0
Event: 0.098 Thread 0x000001f8438657b0 Thread added: 0x000001f8693f9520
Event: 0.099 Thread 0x000001f8438657b0 Thread added: 0x000001f8693fce60
Event: 0.100 Thread 0x000001f8438657b0 Thread added: 0x000001f8694020f0
Event: 0.342 Thread 0x000001f864afaff0 Thread added: 0x000001f864afb800
Event: 0.402 Thread 0x000001f8438657b0 Thread added: 0x000001f8736f28c0
Event: 0.450 Thread 0x000001f8438657b0 Thread added: 0x000001f873841b60
Event: 0.572 Thread 0x000001f8438657b0 Thread exited: 0x000001f8438657b0
Event: 0.572 Thread 0x000001f8438657b0 Thread added: 0x000001f8438657b0
Event: 0.577 Thread 0x000001f8736f28c0 Thread added: 0x000001f8736c5100
Event: 0.897 Thread 0x000001f8736f28c0 Thread added: 0x000001f873b83e00
Event: 1.346 Thread 0x000001f864afb800 Thread exited: 0x000001f864afb800
Event: 5.456 Thread 0x000001f873841b60 Thread exited: 0x000001f873841b60


Dynamic libraries:
0x00007ff65d180000 - 0x00007ff65d190000 	C:\Program Files\Java\jdk-25\bin\java.exe
0x00007ffc0ca20000 - 0x00007ffc0cc87000 	C:\windows\SYSTEM32\ntdll.dll
0x00007ffc0ab90000 - 0x00007ffc0ac59000 	C:\windows\System32\KERNEL32.DLL
0x00007ffc09ca0000 - 0x00007ffc0a08f000 	C:\windows\System32\KERNELBASE.dll
0x00007ffc0a0a0000 - 0x00007ffc0a1eb000 	C:\windows\System32\ucrtbase.dll
0x00007ffbdcbb0000 - 0x00007ffbdcbc7000 	C:\Program Files\Java\jdk-25\bin\jli.dll
0x00007ffc0b8d0000 - 0x00007ffc0ba95000 	C:\windows\System32\USER32.dll
0x00007ffc0a330000 - 0x00007ffc0a357000 	C:\windows\System32\win32u.dll
0x00007ffbd77b0000 - 0x00007ffbd77ce000 	C:\Program Files\Java\jdk-25\bin\VCRUNTIME140.dll
0x00007ffbed110000 - 0x00007ffbed3a3000 	C:\windows\WinSxS\amd64_microsoft.windows.common-controls_6595b64144ccf1df_6.0.26100.7309_none_3e05feeae336a044\COMCTL32.dll
0x00007ffc0ac60000 - 0x00007ffc0ad09000 	C:\windows\System32\msvcrt.dll
0x00007ffc0b460000 - 0x00007ffc0b48b000 	C:\windows\System32\GDI32.dll
0x00007ffc09b70000 - 0x00007ffc09c9c000 	C:\windows\System32\gdi32full.dll
0x00007ffc0a1f0000 - 0x00007ffc0a293000 	C:\windows\System32\msvcp_win.dll
0x00007ffc0c1c0000 - 0x00007ffc0c1f1000 	C:\windows\System32\IMM32.DLL
0x00007ffbf01b0000 - 0x00007ffbf01bc000 	C:\Program Files\Java\jdk-25\bin\vcruntime140_1.dll
0x00007ffba2120000 - 0x00007ffba21ad000 	C:\Program Files\Java\jdk-25\bin\msvcp140.dll
0x00007ffb59fe0000 - 0x00007ffb5ae3f000 	C:\Program Files\Java\jdk-25\bin\server\jvm.dll
0x00007ffc0bb20000 - 0x00007ffc0bbd4000 	C:\windows\System32\ADVAPI32.dll
0x00007ffc0ad30000 - 0x00007ffc0add6000 	C:\windows\System32\sechost.dll
0x00007ffc0b490000 - 0x00007ffc0b5a8000 	C:\windows\System32\RPCRT4.dll
0x00007ffc0c960000 - 0x00007ffc0c9d4000 	C:\windows\System32\WS2_32.dll
0x00007ffbfe5f0000 - 0x00007ffbfe625000 	C:\windows\SYSTEM32\WINMM.dll
0x00007ffbfde30000 - 0x00007ffbfde3b000 	C:\windows\SYSTEM32\VERSION.dll
0x00007ffc099d0000 - 0x00007ffc09a2e000 	C:\windows\SYSTEM32\POWRPROF.dll
0x00007ffc099b0000 - 0x00007ffc099c4000 	C:\windows\SYSTEM32\UMPDC.dll
0x00007ffc08920000 - 0x00007ffc0893b000 	C:\windows\SYSTEM32\kernel.appcore.dll
0x00007ffbef4f0000 - 0x00007ffbef4fa000 	C:\Program Files\Java\jdk-25\bin\jimage.dll
0x00007ffbfb7e0000 - 0x00007ffbfba22000 	C:\windows\SYSTEM32\DBGHELP.DLL
0x00007ffc0ade0000 - 0x00007ffc0b165000 	C:\windows\System32\combase.dll
0x00007ffc0b650000 - 0x00007ffc0b726000 	C:\windows\System32\OLEAUT32.dll
0x00007ffbec9b0000 - 0x00007ffbec9ec000 	C:\windows\SYSTEM32\dbgcore.DLL
0x00007ffc0a710000 - 0x00007ffc0a7b5000 	C:\windows\System32\bcryptPrimitives.dll
0x00007ffbd7550000 - 0x00007ffbd756f000 	C:\Program Files\Java\jdk-25\bin\java.dll
0x00007ffc0a7c0000 - 0x00007ffc0a957000 	C:\windows\System32\ole32.dll
0x00007ffc0c200000 - 0x00007ffc0c953000 	C:\windows\System32\SHELL32.dll
0x00007ffc0a360000 - 0x00007ffc0a4ca000 	C:\windows\System32\wintypes.dll
0x00007ffc07770000 - 0x00007ffc07fce000 	C:\windows\SYSTEM32\windows.storage.dll
0x00007ffc0b740000 - 0x00007ffc0b835000 	C:\windows\System32\SHCORE.dll
0x00007ffc0bab0000 - 0x00007ffc0bb16000 	C:\windows\System32\shlwapi.dll
0x00007ffc09a90000 - 0x00007ffc09ab9000 	C:\windows\SYSTEM32\profapi.dll
0x00007ffbcd1e0000 - 0x00007ffbcd1f2000 	C:\Program Files\Java\jdk-25\bin\net.dll
0x00007ffc08e90000 - 0x00007ffc08efb000 	C:\windows\system32\mswsock.dll
0x00007ffba2100000 - 0x00007ffba2116000 	C:\Program Files\Java\jdk-25\bin\nio.dll
0x00007ffbfabd0000 - 0x00007ffbfabe7000 	C:\Program Files\Java\jdk-25\bin\zip.dll
0x00007ffb63140000 - 0x00007ffb632c4000 	C:\Program Files\Java\jdk-25\bin\awt.dll
0x00007ffc06b40000 - 0x00007ffc06bdf000 	C:\windows\SYSTEM32\apphelp.dll
0x00007ffc07000000 - 0x00007ffc07030000 	C:\windows\system32\DWMAPI.DLL
0x00007ffc06d50000 - 0x00007ffc06dfb000 	C:\windows\system32\uxtheme.dll
0x00007ffb60820000 - 0x00007ffb60930000 	C:\windows\system32\opengl32.dll
0x00007ffbcd200000 - 0x00007ffbcd22d000 	C:\windows\SYSTEM32\GLU32.dll
0x00007ffc07070000 - 0x00007ffc070b4000 	C:\windows\SYSTEM32\dxcore.dll
0x00007ffc0b170000 - 0x00007ffc0b2ce000 	C:\windows\System32\MSCTF.dll
0x00007ffb6b880000 - 0x00007ffb6ba33000 	C:\windows\system32\d3d9.dll
0x00007ffbd7530000 - 0x00007ffbd7550000 	C:\windows\System32\DriverStore\FileRepository\u0419867.inf_amd64_b24a3ae42008a15c\B419794\atidx9loader64.dll
0x00007ffb50cc0000 - 0x00007ffb54ab7000 	C:\windows\System32\DriverStore\FileRepository\u0419867.inf_amd64_b24a3ae42008a15c\B419794\AMDXN64.DLL
0x00007ffc0bcb0000 - 0x00007ffc0c13a000 	C:\windows\System32\SETUPAPI.dll
0x00007ffc06ea0000 - 0x00007ffc06fdb000 	C:\windows\SYSTEM32\dxgi.dll
0x00007ffc09a60000 - 0x00007ffc09a8a000 	C:\windows\SYSTEM32\BCrypt.dll
0x00007ffbfdaa0000 - 0x00007ffbfdadb000 	C:\windows\System32\DriverStore\FileRepository\u0419867.inf_amd64_b24a3ae42008a15c\B419794\amdihk64.dll
0x00007ffc04430000 - 0x00007ffc04493000 	C:\windows\SYSTEM32\directxdatabasehelper.dll
0x00007ffc04bf0000 - 0x00007ffc04c00000 	C:\Program Files\Java\jdk-25\bin\verify.dll
0x00007ffb63d60000 - 0x00007ffb63de7000 	C:\Program Files\Java\jdk-25\bin\freetype.dll
0x00007ffb60730000 - 0x00007ffb6081e000 	C:\Program Files\Java\jdk-25\bin\fontmanager.dll
0x00007ffc0bbf0000 - 0x00007ffc0bca0000 	C:\windows\System32\clbcatq.dll
0x00007ffc053b0000 - 0x00007ffc055e0000 	C:\windows\SYSTEM32\WindowsCodecs.dll
0x00007ffbea5d0000 - 0x00007ffbea62a000 	C:\windows\system32\dataexchange.dll
0x00007ffbfd540000 - 0x00007ffbfd784000 	C:\windows\system32\twinapi.appcore.dll
0x00007ffbef270000 - 0x00007ffbef3b8000 	C:\windows\SYSTEM32\textinputframework.dll
0x00007ffc06780000 - 0x00007ffc068a7000 	C:\windows\SYSTEM32\CoreMessaging.dll
0x00007ffc039c0000 - 0x00007ffc03ca2000 	C:\windows\SYSTEM32\CoreUIComponents.dll
0x00007ffc09170000 - 0x00007ffc0917c000 	C:\windows\SYSTEM32\CRYPTBASE.DLL

JVMTI agents: none

dbghelp: loaded successfully - version: 4.0.5 - missing functions: none
symbol engine: initialized successfully - sym options: 0x614 - pdb path: .;C:\Program Files\Java\jdk-25\bin;C:\windows\SYSTEM32;C:\windows\WinSxS\amd64_microsoft.windows.common-controls_6595b64144ccf1df_6.0.26100.7309_none_3e05feeae336a044;C:\Program Files\Java\jdk-25\bin\server;C:\windows\System32\DriverStore\FileRepository\u0419867.inf_amd64_b24a3ae42008a15c\B419794

VM Arguments:
jvm_args: --enable-preview -XX:+ShowCodeDetailsInExceptionMessages 
java_command: Signupone
java_class_path (initial): C:\Users\HP\AppData\Roaming\Code\User\workspaceStorage\51488dafa5fe923441137616600f3c00\redhat.java\jdt_ws\bank management system_dfb76efe\bin;c:\Users\HP\OneDrive\Desktop\bank management system\lib\jcalendar-tz-1.3.3-4.jar
Launcher Type: SUN_STANDARD

[Global flags]
     intx CICompilerCount                          = 4                                         {product} {ergonomic}
     uint ConcGCThreads                            = 3                                         {product} {ergonomic}
     uint G1ConcRefinementThreads                  = 10                                        {product} {ergonomic}
   size_t G1HeapRegionSize                         = 2097152                                   {product} {ergonomic}
   size_t InitialHeapSize                          = 232783872                                 {product} {ergonomic}
   size_t MarkStackSize                            = 4194304                                   {product} {ergonomic}
   size_t MarkStackSizeMax                         = 536870912                                 {product} {ergonomic}
   size_t MaxHeapSize                              = 3697278976                                {product} {ergonomic}
   size_t MaxNewSize                               = 2216689664                                {product} {ergonomic}
   size_t MinHeapDeltaBytes                        = 2097152                                   {product} {ergonomic}
   size_t MinHeapSize                              = 8388608                                   {product} {ergonomic}
    uintx NonNMethodCodeHeapSize                   = 5832704                                {pd product} {ergonomic}
    uintx NonProfiledCodeHeapSize                  = 122945536                              {pd product} {ergonomic}
    uintx ProfiledCodeHeapSize                     = 122880000                              {pd product} {ergonomic}
    uintx ReservedCodeCacheSize                    = 251658240                              {pd product} {ergonomic}
     bool SegmentedCodeCache                       = true                                      {product} {ergonomic}
     bool ShowCodeDetailsInExceptionMessages       = true                                   {manageable} {command line}
   size_t SoftMaxHeapSize                          = 3697278976                             {manageable} {ergonomic}
     bool UseCompressedOops                        = true                           {product lp64_product} {ergonomic}
     bool UseG1GC                                  = true                                      {product} {ergonomic}
     bool UseLargePagesIndividualAllocation        = false                                  {pd product} {ergonomic}

Logging:
Log output configuration:
 #0: stdout all=warning uptime,level,tags foldmultilines=false
 #1: stderr all=off uptime,level,tags foldmultilines=false

Release file:
IMPLEMENTOR="Oracle Corporation" 
JAVA_RUNTIME_VERSION="25+37-LTS-3491" 
JAVA_VERSION="25" 
JAVA_VERSION_DATE="2025-09-16" 
LIBC="default" 
MODULES="java.base java.compiler java.datatransfer java.xml java.prefs java.desktop java.instrument java.logging java.management java.security.sasl java.naming java.rmi java.management.rmi java.net.http java.scripting java.security.jgss java.transaction.xa java.sql java.sql.rowset java.xml.crypto java.se java.smartcardio jdk.accessibility jdk.internal.jvmstat jdk.attach jdk.charsets jdk.internal.opt jdk.zipfs jdk.compiler jdk.crypto.cryptoki jdk.crypto.ec jdk.crypto.mscapi jdk.dynalink jdk.internal.ed jdk.editpad jdk.internal.vm.ci jdk.graal.compiler jdk.graal.compiler.management jdk.hotspot.agent jdk.httpserver jdk.incubator.vector jdk.internal.le jdk.internal.md jdk.jartool jdk.javadoc jdk.jcmd jdk.management jdk.management.agent jdk.jconsole jdk.jdeps jdk.jdwp.agent jdk.jdi jdk.jfr jdk.jlink jdk.jpackage jdk.jshell jdk.jsobject jdk.jstatd jdk.localedata jdk.management.jfr jdk.naming.dns jdk.naming.rmi jdk.net jdk.nio.mapmode jdk.sctp jdk.security.auth jdk.security.jgss jdk.unsupported jdk.unsupported.desktop jdk.xml.dom" 
OS_ARCH="x86_64" 
OS_NAME="Windows" 
SOURCE=".:git:49d6a23b8806 open:git:6c48f4ed707b" 

Environment Variables:
JAVA_HOME=C:\Program Files\Java\jdk-25\bin
PATH=C:\Program Files\Common Files\Oracle\Java\javapath;C:\windows\system32;C:\windows;C:\windows\System32\Wbem;C:\windows\System32\WindowsPowerShell\v1.0\;C:\windows\System32\OpenSSH\;C:\Program Files\HP\HP One Agent;C:\Program Files\Java\jdk-25\bin;C:\Program Files\nodejs\;C:\Program Files\Git\cmd;C:\Program Files\MySQL\MySQL Shell 8.0\bin\;C:\Users\HP\AppData\Local\Programs\Python\Python313\Scripts\;C:\Users\HP\AppData\Local\Programs\Python\Python313\;C:\Users\HP\AppData\Local\Microsoft\WindowsApps;C:\Users\HP\AppData\Local\Programs\Microsoft VS Code\bin;C:\Users\HP\AppData\Roaming\npm;c:\Users\HP\.vscode\extensions\vscjava.vscode-java-debug-0.58.4\bundled\scripts\noConfigScripts
USERNAME=HP
LANG=en_US.UTF-8
OS=Windows_NT
PROCESSOR_IDENTIFIER=AMD64 Family 26 Model 96 Stepping 0, AuthenticAMD
TMP=C:\Users\HP\AppData\Local\Temp
TEMP=C:\Users\HP\AppData\Local\Temp




Compilation memory statistics disabled.

Periodic native trim disabled

---------------  S Y S T E M  ---------------

OS:
 Windows 11 , 64 bit Build 26100 (10.0.26100.7309)
OS uptime: 3 days 6:40 hours
Hyper-V role detected

CPU: total 12 (initial active 12) (12 cores per cpu, 2 threads per core) family 26 model 96 stepping 0 microcode 0xb600032, cx8, cmov, fxsr, ht, mmx, 3dnowpref, sse, sse2, sse3, ssse3, sse4a, sse4.1, sse4.2, popcnt, lzcnt, tsc, tscinvbit, avx, avx2, aes, erms, clmul, bmi1, bmi2, adx, avx512f, avx512dq, avx512cd, avx512bw, avx512vl, sha, fma, vzeroupper, avx512_vpopcntdq, avx512_vpclmulqdq, avx512_vaes, avx512_vnni, clflush, clflushopt, clwb, avx512_vbmi2, avx512_vbmi, hv, rdtscp, rdpid, fsrm, gfni, avx512_bitalg, f16c, cet_ss, avx512_ifma
Processor Information for the first 12 processors :
  Max Mhz: 2000, Current Mhz: 2000, Mhz Limit: 2000

Memory: 4k page, system-wide physical 14102M (786M free)
TotalPageFile size 43773M (AvailPageFile size 5M)
current process WorkingSet (physical memory assigned to process): 15M, peak: 186M
current process commit charge ("private bytes"): 440M, peak: 440M

vm_info: Java HotSpot(TM) 64-Bit Server VM (25+37-LTS-3491) for windows-amd64 JRE (25+37-LTS-3491), built on 2025-08-14T21:13:00Z with unknown MS VC++:1943

END.
